<?xml version="1.0" encoding="UTF-8"?>
<testng-results ignored="0" total="1" passed="1" failed="0" skipped="0">
  <reporter-output>
  </reporter-output>
  <suite started-at="2023-01-21T18:46:24 IST" name="Default suite" finished-at="2023-01-21T18:46:24 IST" duration-ms="158">
    <groups>
    </groups>
    <test started-at="2023-01-21T18:46:24 IST" name="Default test" finished-at="2023-01-21T18:46:24 IST" duration-ms="158">
      <class name="readJSON.TestCase02">
        <test-method signature="VerifyWicketKeeper()[pri:0, instance:readJSON.TestCase02@15aab8c6]" started-at="2023-01-21T18:46:24 IST" name="VerifyWicketKeeper" finished-at="2023-01-21T18:46:24 IST" duration-ms="48" status="PASS">
          <reporter-output>
          </reporter-output>
        </test-method> <!-- VerifyWicketKeeper -->
      </class> <!-- readJSON.TestCase02 -->
    </test> <!-- Default test -->
  </suite> <!-- Default suite -->
</testng-results>
